<?xml version="1.0" encoding="UTF-8"?>
<!-- Generated by org.testng.reporters.JUnitXMLReporter -->
<testsuite ignored="0" hostname="DESKTOP-077G3EM" failures="0" tests="9" name="RingPay" time="311.964" errors="0" timestamp="2022-09-26T10:45:15 IST">
  <testcase classname="com.RingPay.TestScripts.RingPayTestScripts" name="ringPayAppLaunch" time="9.901"/>
  <testcase classname="com.RingPay.TestScripts.RingPayTestScripts" name="ringPayLogin" time="42.298"/>
  <testcase classname="com.RingPay.TestScripts.RingPayTestScripts" name="ringMerchantPay" time="64.683"/>
  <testcase classname="com.RingPay.TestScripts.RingPayTestScripts" name="ringRepayment" time="96.823"/>
  <testcase classname="com.RingPay.TestScripts.RingPayTestScripts" name="ringLogout" time="9.112"/>
  <testcase classname="com.RingPay.TestScripts.RingPayTestScripts" name="ringOtpApi_Positive" time="1.254"/>
  <testcase classname="com.RingPay.TestScripts.RingPayTestScripts" name="ringOtpApi_Negative" time="0.421"/>
  <testcase classname="com.RingPay.TestScripts.RingPayTestScripts" name="ringAuthApi_Positive" time="0.631"/>
  <testcase classname="com.RingPay.TestScripts.RingPayTestScripts" name="ringAuthApi_Negative" time="0.477"/>
</testsuite> <!-- RingPay -->
