<?xml version="1.0" encoding="UTF-8"?>
<!-- Generated by org.testng.reporters.JUnitXMLReporter -->
<testsuite ignored="0" hostname="DESKTOP-077G3EM" failures="0" tests="9" name="RingPay" time="348.399" errors="0" timestamp="2022-09-28T14:23:57 IST">
  <testcase classname="com.RingPay.TestScripts.RingPayTestScripts" name="ringPayAppLaunch" time="9.756"/>
  <testcase classname="com.RingPay.TestScripts.RingPayTestScripts" name="ringPayLogin" time="56.106"/>
  <testcase classname="com.RingPay.TestScripts.RingPayTestScripts" name="ringMerchantPay" time="105.916"/>
  <testcase classname="com.RingPay.TestScripts.RingPayTestScripts" name="ringRepayment" time="75.924"/>
  <testcase classname="com.RingPay.TestScripts.RingPayTestScripts" name="ringLogout" time="8.336"/>
  <testcase classname="com.RingPay.TestScripts.RingPayTestScripts" name="ringOtpApi_Positive" time="1.486"/>
  <testcase classname="com.RingPay.TestScripts.RingPayTestScripts" name="ringOtpApi_Negative" time="0.446"/>
  <testcase classname="com.RingPay.TestScripts.RingPayTestScripts" name="ringAuthApi_Positive" time="0.475"/>
  <testcase classname="com.RingPay.TestScripts.RingPayTestScripts" name="ringAuthApi_Negative" time="0.443"/>
</testsuite> <!-- RingPay -->
