<?xml version="1.0" encoding="UTF-8"?>
<testng-results ignored="0" total="9" passed="9" failed="0" skipped="0">
  <reporter-output>
  </reporter-output>
  <suite started-at="2022-09-26T10:40:03 IST" name="Android" finished-at="2022-09-26T10:45:15 IST" duration-ms="311964">
    <groups>
    </groups>
    <test started-at="2022-09-26T10:40:03 IST" name="RingPay" finished-at="2022-09-26T10:45:15 IST" duration-ms="311964">
      <class name="com.RingPay.TestScripts.RingPayTestScripts">
        <test-method is-config="true" signature="Before()[pri:0, instance:com.RingPay.TestScripts.RingPayTestScripts@7c56e013]" started-at="2022-09-26T10:40:12 IST" name="Before" finished-at="2022-09-26T10:40:24 IST" duration-ms="12074" status="PASS">
          <reporter-output>
          </reporter-output>
        </test-method> <!-- Before -->
        <test-method signature="ringPayAppLaunch()[pri:0, instance:com.RingPay.TestScripts.RingPayTestScripts@7c56e013]" started-at="2022-09-26T10:40:24 IST" name="ringPayAppLaunch" finished-at="2022-09-26T10:40:34 IST" duration-ms="9901" status="PASS">
          <reporter-output>
          </reporter-output>
        </test-method> <!-- ringPayAppLaunch -->
        <test-method signature="ringPayLogin(java.lang.String)[pri:1, instance:com.RingPay.TestScripts.RingPayTestScripts@7c56e013]" started-at="2022-09-26T10:40:42 IST" name="ringPayLogin" finished-at="2022-09-26T10:41:24 IST" duration-ms="42298" status="PASS">
          <params>
            <param index="0">
              <value>
                <![CDATA[9731239214]]>
              </value>
            </param>
          </params>
          <reporter-output>
          </reporter-output>
        </test-method> <!-- ringPayLogin -->
        <test-method signature="ringMerchantPay(java.lang.String, java.lang.String, java.lang.String)[pri:2, instance:com.RingPay.TestScripts.RingPayTestScripts@7c56e013]" started-at="2022-09-26T10:41:30 IST" name="ringMerchantPay" finished-at="2022-09-26T10:42:35 IST" duration-ms="64683" status="PASS">
          <params>
            <param index="0">
              <value>
                <![CDATA[rpy.ipmerchant1234191702@icici]]>
              </value>
            </param>
            <param index="1">
              <value>
                <![CDATA[5000]]>
              </value>
            </param>
            <param index="2">
              <value>
                <![CDATA[1]]>
              </value>
            </param>
          </params>
          <reporter-output>
          </reporter-output>
        </test-method> <!-- ringMerchantPay -->
        <test-method signature="ringRepayment(java.lang.String, java.lang.String)[pri:3, instance:com.RingPay.TestScripts.RingPayTestScripts@7c56e013]" started-at="2022-09-26T10:42:42 IST" name="ringRepayment" finished-at="2022-09-26T10:44:19 IST" duration-ms="96823" status="PASS">
          <params>
            <param index="0">
              <value>
                <![CDATA[123]]>
              </value>
            </param>
            <param index="1">
              <value>
                <![CDATA[9731239214]]>
              </value>
            </param>
          </params>
          <reporter-output>
          </reporter-output>
        </test-method> <!-- ringRepayment -->
        <test-method signature="ringLogout()[pri:4, instance:com.RingPay.TestScripts.RingPayTestScripts@7c56e013]" started-at="2022-09-26T10:44:27 IST" name="ringLogout" finished-at="2022-09-26T10:44:36 IST" duration-ms="9112" status="PASS">
          <reporter-output>
          </reporter-output>
        </test-method> <!-- ringLogout -->
        <test-method signature="ringOtpApi_Positive(java.lang.String)[pri:5, instance:com.RingPay.TestScripts.RingPayTestScripts@7c56e013]" started-at="2022-09-26T10:44:44 IST" name="ringOtpApi_Positive" finished-at="2022-09-26T10:44:45 IST" duration-ms="1254" status="PASS">
          <params>
            <param index="0">
              <value>
                <![CDATA[https://user-gateway.test.ideopay.in/api/v1/users/android/send-otp]]>
              </value>
            </param>
          </params>
          <reporter-output>
          </reporter-output>
        </test-method> <!-- ringOtpApi_Positive -->
        <test-method signature="ringOtpApi_Negative(java.lang.String)[pri:6, instance:com.RingPay.TestScripts.RingPayTestScripts@7c56e013]" started-at="2022-09-26T10:44:51 IST" name="ringOtpApi_Negative" finished-at="2022-09-26T10:44:52 IST" duration-ms="421" status="PASS">
          <params>
            <param index="0">
              <value>
                <![CDATA[https://user-gateway.test.ideopay.in/api/v1/users/android/send-otp]]>
              </value>
            </param>
          </params>
          <reporter-output>
          </reporter-output>
        </test-method> <!-- ringOtpApi_Negative -->
        <test-method signature="ringAuthApi_Positive(java.lang.String)[pri:7, instance:com.RingPay.TestScripts.RingPayTestScripts@7c56e013]" started-at="2022-09-26T10:44:57 IST" name="ringAuthApi_Positive" finished-at="2022-09-26T10:44:58 IST" duration-ms="631" status="PASS">
          <params>
            <param index="0">
              <value>
                <![CDATA[https://user-gateway.test.ideopay.in/api/v1/users/android/authentication]]>
              </value>
            </param>
          </params>
          <reporter-output>
          </reporter-output>
        </test-method> <!-- ringAuthApi_Positive -->
        <test-method signature="ringAuthApi_Negative(java.lang.String)[pri:8, instance:com.RingPay.TestScripts.RingPayTestScripts@7c56e013]" started-at="2022-09-26T10:45:06 IST" name="ringAuthApi_Negative" finished-at="2022-09-26T10:45:07 IST" duration-ms="477" status="PASS">
          <params>
            <param index="0">
              <value>
                <![CDATA[https://user-gateway.test.ideopay.in/api/v1/users/android/authentication]]>
              </value>
            </param>
          </params>
          <reporter-output>
          </reporter-output>
        </test-method> <!-- ringAuthApi_Negative -->
        <test-method is-config="true" signature="ringAppQuit()[pri:0, instance:com.RingPay.TestScripts.RingPayTestScripts@7c56e013]" started-at="2022-09-26T10:45:14 IST" name="ringAppQuit" finished-at="2022-09-26T10:45:15 IST" duration-ms="480" status="PASS">
          <reporter-output>
          </reporter-output>
        </test-method> <!-- ringAppQuit -->
      </class> <!-- com.RingPay.TestScripts.RingPayTestScripts -->
    </test> <!-- RingPay -->
  </suite> <!-- Android -->
</testng-results>
