<?xml version="1.0" encoding="UTF-8"?>
<testng-results ignored="0" total="2" passed="2" failed="0" skipped="0">
  <reporter-output>
  </reporter-output>
  <suite started-at="2022-09-21T21:32:04 IST" name="Android" finished-at="2022-09-21T21:32:57 IST" duration-ms="52641">
    <groups>
    </groups>
    <test started-at="2022-09-21T21:32:04 IST" name="RingPay" finished-at="2022-09-21T21:32:57 IST" duration-ms="52641">
      <class name="com.RingPay.TestScripts.RingPayTestScripts">
        <test-method is-config="true" signature="Before()[pri:0, instance:com.RingPay.TestScripts.RingPayTestScripts@58e6d4b8]" started-at="2022-09-21T21:32:14 IST" name="Before" finished-at="2022-09-21T21:32:30 IST" duration-ms="16259" status="PASS">
          <reporter-output>
          </reporter-output>
        </test-method> <!-- Before -->
        <test-method signature="ringPayAppLaunch()[pri:0, instance:com.RingPay.TestScripts.RingPayTestScripts@58e6d4b8]" started-at="2022-09-21T21:32:30 IST" name="ringPayAppLaunch" finished-at="2022-09-21T21:32:40 IST" duration-ms="9709" status="PASS">
          <reporter-output>
          </reporter-output>
        </test-method> <!-- ringPayAppLaunch -->
        <test-method signature="ringAuthApi_Negative(java.lang.String)[pri:8, instance:com.RingPay.TestScripts.RingPayTestScripts@58e6d4b8]" started-at="2022-09-21T21:32:49 IST" name="ringAuthApi_Negative" finished-at="2022-09-21T21:32:51 IST" duration-ms="1621" status="PASS">
          <params>
            <param index="0">
              <value>
                <![CDATA[https://user-gateway.test.ideopay.in/api/v1/users/android/authentication]]>
              </value>
            </param>
          </params>
          <reporter-output>
          </reporter-output>
        </test-method> <!-- ringAuthApi_Negative -->
        <test-method is-config="true" signature="ringAppQuit()[pri:0, instance:com.RingPay.TestScripts.RingPayTestScripts@58e6d4b8]" started-at="2022-09-21T21:32:56 IST" name="ringAppQuit" finished-at="2022-09-21T21:32:57 IST" duration-ms="381" status="PASS">
          <reporter-output>
          </reporter-output>
        </test-method> <!-- ringAppQuit -->
      </class> <!-- com.RingPay.TestScripts.RingPayTestScripts -->
    </test> <!-- RingPay -->
  </suite> <!-- Android -->
</testng-results>
